20240515 15:24:10 DEBUG ./main.lua:1  
HelloWorld
20240515 15:29:16 DEBUG ./main.lua:1  
HelloWorld
20240515 15:32:28 ERROR trunk:0  
./main.lua:6: syntax error near '::'
20240515 15:32:53 DEBUG ./main.lua:1  
HelloWorld
20240515 15:34:25 DEBUG ./main.lua:1  
HelloWorld
20240515 15:35:17 DEBUG ./main.lua:1  
HelloWorld
20240515 15:35:50 DEBUG ./main.lua:1  
HelloWorld
20240515 15:37:16 DEBUG ./main.lua:1  
HelloWorld
20240515 15:38:57 DEBUG ./main.lua:1  
HelloWorld
20240515 15:39:20 DEBUG ./main.lua:1  
HelloWorld
20240515 15:41:30 DEBUG ./main.lua:1  
HelloWorld
20240515 15:42:30 DEBUG ./main.lua:1  
HelloWorld
20240515 15:42:46 ERROR C:\work\c\libuvLua\gameServer\gameServer\lua_wrapper\lua_wrapper.cpp:181  
[LUA ERROR] function refid '1' does not reference a Lua function
20240515 15:43:47 DEBUG ./main.lua:1  
HelloWorld
20240515 15:43:55 ERROR C:\work\c\libuvLua\gameServer\gameServer\lua_wrapper\lua_wrapper.cpp:181  
[LUA ERROR] function refid '1' does not reference a Lua function
20240515 15:45:51 DEBUG ./main.lua:1  
HelloWorld
20240515 15:46:04 DEBUG ./main.lua:7  
event call
20240515 15:50:38 DEBUG ./main.lua:1  
HelloWorld
20240515 15:50:38 DEBUG ./main.lua:7  
event call
20240515 15:50:38 ERROR C:\work\c\libuvLua\gameServer\gameServer\lua_wrapper\lua_wrapper.cpp:167  
[LUA ERROR] ./main.lua:23: attempt to call a nil value (global 'PrintTable')
20240515 15:53:09 DEBUG ./main.lua:1  
HelloWorld
20240515 15:53:09 DEBUG ./main.lua:34  
event call
