C:\Program Files (x86)\Microsoft Visual Studio\2019\Professional\MSBuild\Microsoft\VC\v160\Microsoft.CppBuild.targets(513,5): warning MSB8028: 中间目录(x64\Debug\)包含从另一个项目(game_server.vcxproj)共享的文件。   这会导致错误的清除和重新生成行为。
  proto_man.cpp
C:\work\c\libuvLua\gameServer\gameServer\3rd\protobuf\src\google\protobuf\stubs\status.h(97,15): warning C4251: “google::protobuf::util::status_internal::Status::error_message_”: class“std::basic_string<char,std::char_traits<char>,std::allocator<char>>”需要有 dll 接口由 class“google::protobuf::util::status_internal::Status”的客户端使用
C:\Program Files (x86)\Microsoft Visual Studio\2019\Professional\VC\Tools\MSVC\14.29.30133\include\xstring(4871): message : 参见“std::basic_string<char,std::char_traits<char>,std::allocator<char>>”的声明
C:\work\c\libuvLua\gameServer\gameServer\3rd\protobuf\src\google\protobuf\stubs\logging.h(100,15): warning C4251: “google::protobuf::internal::LogMessage::message_”: class“std::basic_string<char,std::char_traits<char>,std::allocator<char>>”需要有 dll 接口由 class“google::protobuf::internal::LogMessage”的客户端使用
C:\Program Files (x86)\Microsoft Visual Studio\2019\Professional\VC\Tools\MSVC\14.29.30133\include\xstring(4871): message : 参见“std::basic_string<char,std::char_traits<char>,std::allocator<char>>”的声明
C:\work\c\libuvLua\gameServer\gameServer\3rd\protobuf\src\google\protobuf\arena_impl.h(394,23): warning C4251: “google::protobuf::internal::SerialArena::space_allocated_”: struct“std::atomic<unsigned __int64>”需要有 dll 接口由 class“google::protobuf::internal::SerialArena”的客户端使用
C:\Program Files (x86)\Microsoft Visual Studio\2019\Professional\VC\Tools\MSVC\14.29.30133\include\atomic(2847): message : 参见“std::atomic<unsigned __int64>”的声明
C:\work\c\libuvLua\gameServer\gameServer\3rd\protobuf\src\google\protobuf\arena_impl.h(525,29): warning C4251: “google::protobuf::internal::ThreadSafeArena::alloc_policy_”: class“google::protobuf::internal::TaggedAllocationPolicyPtr”需要有 dll 接口由 class“google::protobuf::internal::ThreadSafeArena”的客户端使用
C:\work\c\libuvLua\gameServer\gameServer\3rd\protobuf\src\google\protobuf\arena_impl.h(116): message : 参见“google::protobuf::internal::TaggedAllocationPolicyPtr”的声明
C:\work\c\libuvLua\gameServer\gameServer\3rd\protobuf\src\google\protobuf\arena_impl.h(530,29): warning C4251: “google::protobuf::internal::ThreadSafeArena::threads_”: struct“std::atomic<google::protobuf::internal::SerialArena *>”需要有 dll 接口由 class“google::protobuf::internal::ThreadSafeArena”的客户端使用
C:\work\c\libuvLua\gameServer\gameServer\3rd\protobuf\src\google\protobuf\arena_impl.h(530): message : 参见“std::atomic<google::protobuf::internal::SerialArena *>”的声明
C:\work\c\libuvLua\gameServer\gameServer\3rd\protobuf\src\google\protobuf\arena_impl.h(531,29): warning C4251: “google::protobuf::internal::ThreadSafeArena::hint_”: struct“std::atomic<google::protobuf::internal::SerialArena *>”需要有 dll 接口由 class“google::protobuf::internal::ThreadSafeArena”的客户端使用
C:\work\c\libuvLua\gameServer\gameServer\3rd\protobuf\src\google\protobuf\arena_impl.h(530): message : 参见“std::atomic<google::protobuf::internal::SerialArena *>”的声明
C:\work\c\libuvLua\gameServer\gameServer\3rd\protobuf\src\google\protobuf\arena_impl.h(653,30): warning C4251: “google::protobuf::internal::ThreadSafeArena::arena_stats_”: class“google::protobuf::internal::ThreadSafeArenaStatsHandle”需要有 dll 接口由 class“google::protobuf::internal::ThreadSafeArena”的客户端使用
C:\work\c\libuvLua\gameServer\gameServer\3rd\protobuf\src\google\protobuf\arenaz_sampler.h(159): message : 参见“google::protobuf::internal::ThreadSafeArenaStatsHandle”的声明
C:\work\c\libuvLua\gameServer\gameServer\3rd\protobuf\src\google\protobuf\stubs\mutex.h(136,40): warning C4251: “google::protobuf::internal::WrappedMutex::mu_”: class“google::protobuf::internal::CallOnceInitializedMutex<std::mutex>”需要有 dll 接口由 class“google::protobuf::internal::WrappedMutex”的客户端使用
C:\work\c\libuvLua\gameServer\gameServer\3rd\protobuf\src\google\protobuf\stubs\mutex.h(136): message : 参见“google::protobuf::internal::CallOnceInitializedMutex<std::mutex>”的声明
C:\work\c\libuvLua\gameServer\gameServer\3rd\protobuf\src\google\protobuf\descriptor.h(2063,27): warning C4251: “google::protobuf::DescriptorPool::tables_”: class“std::unique_ptr<google::protobuf::DescriptorPool::Tables,std::default_delete<google::protobuf::DescriptorPool::Tables>>”需要有 dll 接口由 class“google::protobuf::DescriptorPool”的客户端使用
C:\work\c\libuvLua\gameServer\gameServer\3rd\protobuf\src\google\protobuf\descriptor.h(2063): message : 参见“std::unique_ptr<google::protobuf::DescriptorPool::Tables,std::default_delete<google::protobuf::DescriptorPool::Tables>>”的声明
C:\work\c\libuvLua\gameServer\gameServer\3rd\protobuf\src\google\protobuf\descriptor.h(2073,31): warning C4251: “google::protobuf::DescriptorPool::unused_import_track_files_”: class“std::map<std::string,bool,std::less<std::string>,std::allocator<std::pair<const std::string,bool>>>”需要有 dll 接口由 class“google::protobuf::DescriptorPool”的客户端使用
C:\work\c\libuvLua\gameServer\gameServer\3rd\protobuf\src\google\protobuf\descriptor.h(2073): message : 参见“std::map<std::string,bool,std::less<std::string>,std::allocator<std::pair<const std::string,bool>>>”的声明
C:\work\c\libuvLua\gameServer\gameServer\3rd\protobuf\src\google\protobuf\io\coded_stream.h(1295,28): warning C4251: “google::protobuf::io::CodedOutputStream::default_serialization_deterministic_”: struct“std::atomic<bool>”需要有 dll 接口由 class“google::protobuf::io::CodedOutputStream”的客户端使用
C:\Program Files (x86)\Microsoft Visual Studio\2019\Professional\VC\Tools\MSVC\14.29.30133\include\atomic(2835): message : 参见“std::atomic<bool>”的声明
C:\work\c\libuvLua\gameServer\gameServer\3rd\protobuf\src\google\protobuf\metadata_lite.h(296,15): warning C4251: “google::protobuf::internal::LiteUnknownFieldSetter::buffer_”: class“std::basic_string<char,std::char_traits<char>,std::allocator<char>>”需要有 dll 接口由 class“google::protobuf::internal::LiteUnknownFieldSetter”的客户端使用
C:\Program Files (x86)\Microsoft Visual Studio\2019\Professional\VC\Tools\MSVC\14.29.30133\include\xstring(4871): message : 参见“std::basic_string<char,std::char_traits<char>,std::allocator<char>>”的声明
C:\work\c\libuvLua\gameServer\gameServer\3rd\protobuf\src\google\protobuf\message_lite.h(443,30): warning C4251: “google::protobuf::MessageLite::_internal_metadata_”: class“google::protobuf::internal::InternalMetadata”需要有 dll 接口由 class“google::protobuf::MessageLite”的客户端使用
C:\work\c\libuvLua\gameServer\gameServer\3rd\protobuf\src\google\protobuf\metadata_lite.h(63): message : 参见“google::protobuf::internal::InternalMetadata”的声明
C:\work\c\libuvLua\gameServer\gameServer\3rd\protobuf\src\google\protobuf\io\zero_copy_stream_impl_lite.h(247,30): warning C4251: “google::protobuf::io::CopyingInputStreamAdaptor::buffer_”: class“std::unique_ptr<uint8_t [],std::default_delete<uint8_t []>>”需要有 dll 接口由 class“google::protobuf::io::CopyingInputStreamAdaptor”的客户端使用
C:\work\c\libuvLua\gameServer\gameServer\3rd\protobuf\src\google\protobuf\io\zero_copy_stream_impl_lite.h(247): message : 参见“std::unique_ptr<uint8_t [],std::default_delete<uint8_t []>>”的声明
C:\work\c\libuvLua\gameServer\gameServer\3rd\protobuf\src\google\protobuf\io\zero_copy_stream_impl_lite.h(338,30): warning C4251: “google::protobuf::io::CopyingOutputStreamAdaptor::buffer_”: class“std::unique_ptr<uint8_t [],std::default_delete<uint8_t []>>”需要有 dll 接口由 class“google::protobuf::io::CopyingOutputStreamAdaptor”的客户端使用
C:\work\c\libuvLua\gameServer\gameServer\3rd\protobuf\src\google\protobuf\io\zero_copy_stream_impl_lite.h(247): message : 参见“std::unique_ptr<uint8_t [],std::default_delete<uint8_t []>>”的声明
C:\work\c\libuvLua\gameServer\gameServer\3rd\protobuf\src\google\protobuf\arenastring.h(82,43): warning C4251: “google::protobuf::internal::LazyString::inited_”: struct“std::atomic<const std::string *>”需要有 dll 接口由 class“google::protobuf::internal::LazyString”的客户端使用
C:\work\c\libuvLua\gameServer\gameServer\3rd\protobuf\src\google\protobuf\arenastring.h(82): message : 参见“std::atomic<const std::string *>”的声明
C:\work\c\libuvLua\gameServer\gameServer\3rd\protobuf\src\google\protobuf\arenastring.h(360,19): warning C4251: “google::protobuf::internal::ArenaStringPtr::tagged_ptr_”: class“google::protobuf::internal::TaggedStringPtr”需要有 dll 接口由 struct“google::protobuf::internal::ArenaStringPtr”的客户端使用
C:\work\c\libuvLua\gameServer\gameServer\3rd\protobuf\src\google\protobuf\arenastring.h(97): message : 参见“google::protobuf::internal::TaggedStringPtr”的声明
C:\work\c\libuvLua\gameServer\gameServer\3rd\protobuf\src\google\protobuf\unknown_field_set.h(211,29): warning C4251: “google::protobuf::UnknownFieldSet::fields_”: class“std::vector<google::protobuf::UnknownField,std::allocator<google::protobuf::UnknownField>>”需要有 dll 接口由 class“google::protobuf::UnknownFieldSet”的客户端使用
C:\work\c\libuvLua\gameServer\gameServer\3rd\protobuf\src\google\protobuf\unknown_field_set.h(211): message : 参见“std::vector<google::protobuf::UnknownField,std::allocator<google::protobuf::UnknownField>>”的声明
C:\work\c\libuvLua\gameServer\gameServer\3rd\protobuf\src\google\protobuf\generated_message_util.h(194,20): warning C4251: “google::protobuf::internal::CachedSize::size_”: struct“std::atomic<int>”需要有 dll 接口由 class“google::protobuf::internal::CachedSize”的客户端使用
C:\Program Files (x86)\Microsoft Visual Studio\2019\Professional\VC\Tools\MSVC\14.29.30133\include\atomic(2842): message : 参见“std::atomic<int>”的声明
C:\work\c\libuvLua\gameServer\gameServer\netbus\proto_man.cpp(30,31): warning C4996: 'strdup': The POSIX name for this item is deprecated. Instead, use the ISO C and C++ conformant name: _strdup. See online help for details.
C:\work\c\libuvLua\gameServer\gameServer\netbus\proto_man.cpp(86,33): warning C4267: “初始化”: 从“size_t”转换到“int”，可能丢失数据
C:\work\c\libuvLua\gameServer\gameServer\netbus\proto_man.cpp(94,19): warning C4996: 'google::protobuf::MessageLite::ByteSize': Please use ByteSizeLong() instead
  game_server.vcxproj -> C:\work\c\libuvLua\gameServer\gameServer\proj.win32\x64\Debug\gameServer.exe
